<?xml version="1.0" encoding="UTF-8"?>
<testsuite xmlns:xsi="http://www.w3.org/2001/XMLSchema-instance" xsi:noNamespaceSchemaLocation="https://maven.apache.org/surefire/maven-surefire-plugin/xsd/surefire-test-report-3.0.xsd" version="3.0" name="com.finos.matcher.report.ReportServiceTest" time="2.897" tests="1" errors="0" skipped="0" failures="0">
  <properties>
[...]
</properties>
  <testcase name="testReportGenerationWithPdfBox" classname="com.finos.matcher.report.ReportServiceTest" time="2.879">
    <system-out><![CDATA[PDFBox report generated: /tmp/junit3728760624563592185/report_pdfbox.pdf
]]></system-out>
    <system-err><![CDATA[Jan 27, 2026 3:51:47 AM org.apache.pdfbox.pdmodel.font.FileSystemFontProvider loadDiskCache
WARNING: New fonts found, font cache will be re-built
Jan 27, 2026 3:51:47 AM org.apache.pdfbox.pdmodel.font.FileSystemFontProvider <init>
WARNING: Building on-disk font cache, this may take a while
Jan 27, 2026 3:51:47 AM org.apache.pdfbox.pdmodel.font.FileSystemFontProvider <init>
WARNING: Finished building on-disk font cache, found 53 fonts
Jan 27, 2026 3:51:48 AM org.apache.pdfbox.pdmodel.font.PDType1Font <init>
WARNING: Using fallback font LiberationSans for base font Symbol
Jan 27, 2026 3:51:48 AM org.apache.pdfbox.pdmodel.font.PDType1Font <init>
WARNING: Using fallback font LiberationSans for base font ZapfDingbats
]]></system-err>
  </testcase>
</testsuite>